H/W path                 Device      Class          Description
===============================================================
                                     system         GF72 8RE (179E.1)
/0                                   bus            MS-179E
/0/1                                 memory         64KiB BIOS
/0/3b                                memory         8GiB System Memory
/0/3b/0                              memory         8GiB SODIMM DDR4 Synchronous 2667 MHz (0.4 ns)
/0/3b/1                              memory         [empty]
/0/44                                memory         384KiB L1 cache
/0/45                                memory         1536KiB L2 cache
/0/46                                memory         9MiB L3 cache
/0/47                                processor      Intel(R) Core(TM) i7-8750H CPU @ 2.20GHz
/0/100                               bridge         8th Gen Core Processor Host Bridge/DRAM Registers
/0/100/1                             bridge         Xeon E3-1200 v5/E3-1500 v5/6th Gen Core Processor PCIe Controller (x16)
/0/100/1/0                           display        GP106M [GeForce GTX 1060 Mobile]
/0/100/2                             display        UHD Graphics 630 (Mobile)
/0/100/12                            generic        Cannon Lake PCH Thermal Controller
/0/100/14                            bus            Cannon Lake PCH USB 3.1 xHCI Host Controller
/0/100/14/0              usb1        bus            xHCI Host Controller
/0/100/14/0/7                        input          MSI EPF USB
/0/100/14/0/c                        generic        USB2.0-CRW
/0/100/14/0/e                        communication  Bluetooth wireless interface
/0/100/14/1              usb2        bus            xHCI Host Controller
/0/100/14/1/3            scsi6       storage        Ultra
/0/100/14/1/3/0.0.0      /dev/sdb    disk           123GB Ultra
/0/100/14/1/3/0.0.0/0    /dev/sdb    disk           123GB 
/0/100/14/1/3/0.0.0/0/1  /dev/sdb1   volume         249MiB Windows FAT volume
/0/100/14/1/3/0.0.0/0/2  /dev/sdb2   volume         19GiB EXT4 volume
/0/100/14/1/3/0.0.0/0/3  /dev/sdb3   volume         7059MiB Linux swap volume
/0/100/14/1/3/0.0.0/0/4  /dev/sdb4   volume         87GiB EXT4 volume
/0/100/14/1/4            scsi7       storage        Flash Drive FIT
/0/100/14/1/4/0.0.0      /dev/sdc    disk           64GB Flash Drive FIT
/0/100/14/1/4/0.0.0/0    /dev/sdc    disk           64GB 
/0/100/14/1/4/0.0.0/0/1              volume         199MiB Windows FAT volume
/0/100/14/1/4/0.0.0/0/2  /dev/sdc2   volume         1GiB EXT4 volume
/0/100/14/1/4/0.0.0/0/3  /dev/sdc3   volume         58GiB LVM Physical Volume
/0/100/14.2                          memory         RAM memory
/0/100/14.3              wlo1        network        Wireless-AC 9560 [Jefferson Peak]
/0/100/16                            communication  Cannon Lake PCH HECI Controller
/0/100/17                scsi4       storage        Intel Corporation
/0/100/17/0.0.0          /dev/sda    disk           1TB WDC WD10SPZX-17Z
/0/100/17/0.0.0/1        /dev/sda1   volume         349MiB Windows FAT volume
/0/100/17/0.0.0/2        /dev/sda2   volume         921GiB Windows NTFS volume
/0/100/17/0.0.0/3        /dev/sda3   volume         10239MiB Windows NTFS volume
/0/100/1d                            bridge         Cannon Lake PCH PCI Express Root Port #16
/0/100/1d/0              enp2s0      network        Killer E2400 Gigabit Ethernet Controller
/0/100/1e                            communication  Intel Corporation
/0/100/1f                            bridge         Intel Corporation
/0/100/1f.3                          multimedia     Cannon Lake PCH cAVS
/0/100/1f.4                          bus            Cannon Lake PCH SMBus Controller
/0/100/1f.5                          bus            Cannon Lake PCH SPI Controller
/0/0                                 system         PnP device PNP0c02
/0/2                                 system         PnP device PNP0b00
/0/3                                 generic        PnP device INT3f0d
/0/4                                 generic        PnP device SYN1509
/0/5                                 generic        PnP device MSI0007
/0/6                                 system         PnP device PNP0c02
/0/7                                 system         PnP device PNP0c02
/0/8                                 system         PnP device PNP0c02
/0/9                                 system         PnP device PNP0c02
/0/a                                 system         PnP device PNP0c02
/1                                   power          To Be Filled By O.E.M.
/2                       tap0        network        Ethernet interface
/3                       virbr0      network        Ethernet interface
/4                       virbr0-nic  network        Ethernet interface
